<?xml version="1.0" encoding="UTF-8"?>
<testsuite name="org.kaaproject.kaa.server.common.nosql.mongo.dao.EndpointUserConfigurationMongoDaoTest" time="0.734" tests="4" errors="0" skipped="1" failures="0">
  <properties>
    <property name="java.runtime.name" value="Java(TM) SE Runtime Environment"/>
    <property name="sun.boot.library.path" value="C:\Program Files\Java\jdk1.8.0_221\jre\bin"/>
    <property name="java.vm.version" value="25.221-b11"/>
    <property name="java.vm.vendor" value="Oracle Corporation"/>
    <property name="maven.multiModuleProjectDirectory" value="D:\repos\kaa-iot"/>
    <property name="java.vendor.url" value="http://java.oracle.com/"/>
    <property name="path.separator" value=";"/>
    <property name="guice.disable.misplaced.annotation.check" value="true"/>
    <property name="java.vm.name" value="Java HotSpot(TM) 64-Bit Server VM"/>
    <property name="file.encoding.pkg" value="sun.io"/>
    <property name="user.script" value=""/>
    <property name="user.country" value="KR"/>
    <property name="sun.java.launcher" value="SUN_STANDARD"/>
    <property name="sun.os.patch.level" value=""/>
    <property name="java.vm.specification.name" value="Java Virtual Machine Specification"/>
    <property name="user.dir" value="D:\repos\kaa-iot"/>
    <property name="java.runtime.version" value="1.8.0_221-b11"/>
    <property name="java.awt.graphicsenv" value="sun.awt.Win32GraphicsEnvironment"/>
    <property name="java.endorsed.dirs" value="C:\Program Files\Java\jdk1.8.0_221\jre\lib\endorsed"/>
    <property name="os.arch" value="amd64"/>
    <property name="java.io.tmpdir" value="C:\Users\hjlee\AppData\Local\Temp\"/>
    <property name="line.separator" value="&#10;"/>
    <property name="java.vm.specification.vendor" value="Oracle Corporation"/>
    <property name="user.variant" value=""/>
    <property name="os.name" value="Windows 10"/>
    <property name="classworlds.conf" value="C:\Program Files\apache-maven-3.6.1\bin\..\bin\m2.conf"/>
    <property name="sun.jnu.encoding" value="MS949"/>
    <property name="java.library.path" value="C:\Program Files\Java\jdk1.8.0_221\bin;C:\WINDOWS\Sun\Java\bin;C:\WINDOWS\system32;C:\WINDOWS;C:\Program Files (x86)\Microsoft SDKs\Azure\CLI2\wbin;C:\Python27\;C:\Python27\Scripts;C:\Program Files (x86)\Common Files\Oracle\Java\javapath;C:\Program Files (x86)\Wizvera\Delfino;C:\Program Files (x86)\Common Files\NetSarang;c:\Program Files (x86)\Intel\iCLS Client\;c:\Program Files\Intel\iCLS Client\;C:\WINDOWS\system32;C:\WINDOWS;C:\WINDOWS\System32\Wbem;C:\WINDOWS\System32\WindowsPowerShell\v1.0\;C:\Program Files (x86)\Intel\OpenCL SDK\3.0\bin\x86;C:\Program Files (x86)\Intel\OpenCL SDK\3.0\bin\x64;C:\apache-maven-3.0.5\bin;C:\WINDOWS\System32\OpenSSH\;C:\Program Files (x86)\PuTTY\;C:\Program Files (x86)\Intel\Intel(R) Management Engine Components\DAL;C:\Program Files\Intel\Intel(R) Management Engine Components\DAL;C:\Program Files (x86)\Intel\Intel(R) Management Engine Components\IPT;C:\Program Files\Intel\Intel(R) Management Engine Components\IPT;C:\Program Files (x86)\NVIDIA Corporation\PhysX\Common;C:\Program Files\Microsoft VS Code\bin;C:\Ruby26-x64\bin;C:\Go\bin;C:\Program Files\Git\cmd;C:\Program Files\Git\mingw64\bin;C:\Program Files\Git\usr\bin;d:\php;C:\Program Files\CMake\bin;C:\Program Files\MongoDB\Server\4.0\bin;C:\Program Files\dotnet\;C:\Users\hjlee\.dotnet\tools;C:\Program Files\Java\jdk1.8.0_221\bin;C:\Program Files\apache-maven-3.6.1\bin;C:\Users\hjlee\.windows-build-tools\python27\Scripts;C:\Users\hjlee\.windows-build-tools\python27;C:\ffmpeg\bin;C:\ProgramData\chocolatey\bin;C:\Program Files\NVIDIA Corporation\NVIDIA NvDLISR;D:\Program Files\Amazon\AWSCLI\bin\;C:\Program Files (x86)\Lua\5.1;C:\Program Files (x86)\Lua\5.1\clibs;C:\Program Files (x86)\Google\Cloud SDK\google-cloud-sdk\bin;C:\gwt-2.8.2;C:\apache-ant-1.10.7\bin;C:\Users\hjlee\AppData\Roaming\nvm;C:\Program Files\nodejs;C:\Program Files (x86)\GNU Tools ARM Embedded\6 2017-q2-update\bin;C:\Users\hjlee\.windows-build-tools\python27\;C:\Program Files\MySQL\MySQL Shell 8.0\bin\;C:\Program Files\heroku\bin;C:\Program Files\MongoDB\Server\4.0\bin;C:\Users\hjlee\.dotnet\tools;C:\Program Files\dotnet;C:\Program Files\Java\jdk1.8.0_221\bin;C:\Program Files\apache-maven-3.6.1\bin;C:\Program Files\JetBrains\IntelliJ IDEA Community Edition 2019.2\bin;;C:\Program Files\Docker Toolbox;C:\Users\hjlee\.windows-build-tools\python27\Scripts;C:\ffmpeg\bin;C:\gwt-2.8.2;C:\apache-ant-1.10.7\bin;C:\Users\hjlee\AppData\Roaming\nvm;C:\Program Files\nodejs;."/>
    <property name="maven.conf" value="C:\Program Files\apache-maven-3.6.1\bin\../conf"/>
    <property name="java.specification.name" value="Java Platform API Specification"/>
    <property name="java.class.version" value="52.0"/>
    <property name="sun.management.compiler" value="HotSpot 64-Bit Tiered Compilers"/>
    <property name="os.version" value="10.0"/>
    <property name="library.jansi.path" value="C:\Program Files\apache-maven-3.6.1\bin\..\lib\jansi-native"/>
    <property name="user.home" value="C:\Users\hjlee"/>
    <property name="user.timezone" value="Asia/Seoul"/>
    <property name="java.awt.printerjob" value="sun.awt.windows.WPrinterJob"/>
    <property name="java.specification.version" value="1.8"/>
    <property name="file.encoding" value="MS949"/>
    <property name="user.name" value="hjlee"/>
    <property name="java.class.path" value="C:\Program Files\apache-maven-3.6.1\bin\..\boot\plexus-classworlds-2.6.0.jar"/>
    <property name="java.vm.specification.version" value="1.8"/>
    <property name="sun.arch.data.model" value="64"/>
    <property name="java.home" value="C:\Program Files\Java\jdk1.8.0_221\jre"/>
    <property name="sun.java.command" value="org.codehaus.plexus.classworlds.launcher.Launcher install -f d:\repos\kaa-iot\server\pom.xml"/>
    <property name="java.specification.vendor" value="Oracle Corporation"/>
    <property name="user.language" value="ko"/>
    <property name="awt.toolkit" value="sun.awt.windows.WToolkit"/>
    <property name="java.vm.info" value="mixed mode"/>
    <property name="java.version" value="1.8.0_221"/>
    <property name="java.ext.dirs" value="C:\Program Files\Java\jdk1.8.0_221\jre\lib\ext;C:\WINDOWS\Sun\Java\lib\ext"/>
    <property name="sun.boot.class.path" value="C:\Program Files\Java\jdk1.8.0_221\jre\lib\resources.jar;C:\Program Files\Java\jdk1.8.0_221\jre\lib\rt.jar;C:\Program Files\Java\jdk1.8.0_221\jre\lib\sunrsasign.jar;C:\Program Files\Java\jdk1.8.0_221\jre\lib\jsse.jar;C:\Program Files\Java\jdk1.8.0_221\jre\lib\jce.jar;C:\Program Files\Java\jdk1.8.0_221\jre\lib\charsets.jar;C:\Program Files\Java\jdk1.8.0_221\jre\lib\jfr.jar;C:\Program Files\Java\jdk1.8.0_221\jre\classes"/>
    <property name="sun.stderr.encoding" value="ms949"/>
    <property name="java.vendor" value="Oracle Corporation"/>
    <property name="maven.home" value="C:\Program Files\apache-maven-3.6.1\bin\.."/>
    <property name="file.separator" value="\"/>
    <property name="java.vendor.url.bug" value="http://bugreport.sun.com/bugreport/"/>
    <property name="sun.cpu.endian" value="little"/>
    <property name="sun.io.unicode.encoding" value="UnicodeLittle"/>
    <property name="sun.stdout.encoding" value="ms949"/>
    <property name="sun.desktop" value="windows"/>
    <property name="sun.cpu.isalist" value="amd64"/>
  </properties>
  <testcase name="findByUserIdTest" classname="org.kaaproject.kaa.server.common.nosql.mongo.dao.EndpointUserConfigurationMongoDaoTest" time="0">
    <skipped message="invalid"/>
    <system-out><![CDATA[Tue Nov 12 17:29:10.140 [initandlisten] connection accepted from 127.0.0.1:50378 #9 (9 connections now open)
[mongod output] Tue Nov 12 17:29:10.147 [conn9] terminating, shutdown command received
[mongod output] Tue Nov 12 17:29:10.147 dbexit: shutdown called
[mongod output] Tue Nov 12 17:29:10.147 [conn9] shutdown: going to close listening sockets...
[mongod output] Tue Nov 12 17:29:10.147 [conn9] closing listening socket: 588
[mongod output] Tue Nov 12 17:29:10.147 [conn9] shutdown: going to flush diaglog...
[mongod output] Tue Nov 12 17:29:10.147 [conn9] shutdown: going to close sockets...
[mongod output] Tue Nov 12 17:29:10.147 [conn9] shutdown: waiting for fs preallocator...
[mongod output] Tue Nov 12 17:29:10.147 [conn9] shutdown: closing all files...
[mongod output] Tue Nov 12 17:29:10.148 [conn7] end connection 127.0.0.1:50376 (8 connections now open)
[mongod output] Tue Nov 12 17:29:10.148 [conn5] end connection 127.0.0.1:50375 (8 connections now open)
[mongod output] Tue Nov 12 17:29:10.148 [conn4] end connection 127.0.0.1:50374 (8 connections now open)
[mongod output] Tue Nov 12 17:29:10.148 [conn6] end connection 127.0.0.1:50370 (8 connections now open)
[mongod output] Tue Nov 12 17:29:10.148 [conn8] end connection 127.0.0.1:50377 (8 connections now open)
[mongod output] Tue Nov 12 17:29:10.148 [conn1] end connection 127.0.0.1:50371 (8 connections now open)
[mongod output] Tue Nov 12 17:29:10.149 [conn2] end connection 127.0.0.1:50368 (5 connections now open)
[mongod output] Tue Nov 12 17:29:10.149 [conn3] end connection 127.0.0.1:50372 (5 connections now open)
[mongod output] Tue Nov 12 17:29:10.150 [conn9] closeAllFiles() finished
[mongod output] Tue Nov 12 17:29:10.150 [conn9] shutdown: removing fs lock...
[mongod output] Tue Nov 12 17:29:10.150 dbexit: really exiting now
[mongod output] 
2019-11-12 17:29:10,272 [main] INFO  o.s.c.s.GenericApplicationContext - Closing org.springframework.context.support.GenericApplicationContext@71156a01: startup date [Tue Nov 12 17:29:09 KST 2019]; root of context hierarchy
2019-11-12 17:29:10,277 [main] INFO  o.s.t.c.s.DefaultTestContextBootstrapper - Loaded default TestExecutionListener class names from location [META-INF/spring.factories]: [org.springframework.test.context.web.ServletTestExecutionListener, org.springframework.test.context.support.DirtiesContextBeforeModesTestExecutionListener, org.springframework.test.context.support.DependencyInjectionTestExecutionListener, org.springframework.test.context.support.DirtiesContextTestExecutionListener, org.springframework.test.context.transaction.TransactionalTestExecutionListener, org.springframework.test.context.jdbc.SqlScriptsTestExecutionListener]
2019-11-12 17:29:10,277 [main] INFO  o.s.t.c.s.DefaultTestContextBootstrapper - Could not instantiate TestExecutionListener [org.springframework.test.context.web.ServletTestExecutionListener]. Specify custom listener classes or make the default listener classes (and their required dependencies) available. Offending class: [javax/servlet/ServletContext]
2019-11-12 17:29:10,277 [main] INFO  o.s.t.c.s.DefaultTestContextBootstrapper - Using TestExecutionListeners: [org.springframework.test.context.support.DirtiesContextBeforeModesTestExecutionListener@24d17fa2, org.springframework.test.context.support.DependencyInjectionTestExecutionListener@446a1378, org.springframework.test.context.support.DirtiesContextTestExecutionListener@18853777, org.springframework.test.context.transaction.TransactionalTestExecutionListener@6707b31e, org.springframework.test.context.jdbc.SqlScriptsTestExecutionListener@4804ec33]
Extract C:\Users\hjlee\.embedmongo\win32\mongodb-win32-x86_64-2.4.9.zip START
Extract C:\Users\hjlee\.embedmongo\win32\mongodb-win32-x86_64-2.4.9.zip DONE
[mongod output]note: noprealloc may hurt performance in many applications
[mongod output] Tue Nov 12 17:29:11.079 [DataFileSync] warning: --syncdelay 0 is not recommended and can have strange performance
[mongod output] Tue Nov 12 17:29:11.090 [initandlisten] MongoDB starting : pid=11828 port=27717 dbpath=C:\Users\hjlee\AppData\Local\Temp\embedmongo-db-671df22c-8c7f-4f9f-ac78-139ff29eb894 64-bit host=POPUP-GCAMP-PC
[mongod output] Tue Nov 12 17:29:11.090 [initandlisten] db version v2.4.9
[mongod output] Tue Nov 12 17:29:11.090 [initandlisten] git version: 52fe0d21959e32a5bdbecdc62057db386e4e029c
[mongod output] Tue Nov 12 17:29:11.090 [initandlisten] build info: windows sys.getwindowsversion(major=6, minor=1, build=7601, platform=2, service_pack='Service Pack 1') BOOST_LIB_VERSION=1_49
[mongod output] Tue Nov 12 17:29:11.090 [initandlisten] allocator: system
[mongod output] Tue Nov 12 17:29:11.090 [initandlisten] options: { dbpath: "C:\Users\hjlee\AppData\Local\Temp\embedmongo-db-671df22c-8c7f-4f9f-ac78-139ff29eb894", noauth: true, nohttpinterface: true, nojournal: true, noprealloc: true, port: 27717, smallfiles: true, syncdelay: 0.0 }
[mongod output] Tue Nov 12 17:29:11.101 [FileAllocator] allocating new datafile C:\Users\hjlee\AppData\Local\Temp\embedmongo-db-671df22c-8c7f-4f9f-ac78-139ff29eb894\local.ns, filling with zeroes...
[mongod output] Tue Nov 12 17:29:11.102 [FileAllocator] creating directory C:\Users\hjlee\AppData\Local\Temp\embedmongo-db-671df22c-8c7f-4f9f-ac78-139ff29eb894\_tmp
[mongod output] Tue Nov 12 17:29:11.166 [FileAllocator] done allocating datafile C:\Users\hjlee\AppData\Local\Temp\embedmongo-db-671df22c-8c7f-4f9f-ac78-139ff29eb894\local.ns, size: 16MB,  took 0.062 secs
[mongod output] Tue Nov 12 17:29:11.167 [FileAllocator] allocating new datafile C:\Users\hjlee\AppData\Local\Temp\embedmongo-db-671df22c-8c7f-4f9f-ac78-139ff29eb894\local.0, filling with zeroes...
[mongod output] Tue Nov 12 17:29:11.242 [FileAllocator] done allocating datafile C:\Users\hjlee\AppData\Local\Temp\embedmongo-db-671df22c-8c7f-4f9f-ac78-139ff29eb894\local.0, size: 16MB,  took 0.074 secs
[mongod output] Tue Nov 12 17:29:11.245 [initandlisten] command local.$cmd command: { create: "startup_log", size: 10485760, capped: true } ntoreturn:1 keyUpdates:0  reslen:37 144ms
[mongod output] Tue Nov 12 17:29:11.247 [initandlisten] waiting for connections on port 27717
[mongod output] ]]></system-out>
    <system-err><![CDATA[11월 12, 2019 5:29:10 오후 de.flapdoodle.embed.mongo.AbstractMongoProcess stopInternal
정보: try to stop mongod
11월 12, 2019 5:29:10 오후 de.flapdoodle.embed.process.io.file.Files forceDelete
정보: Could delete C:\Users\hjlee\AppData\Local\Temp\embedmongo-db-97e2a0b7-42ca-4442-ab60-f38203ff88fc
11월 12, 2019 5:29:10 오후 de.flapdoodle.embed.process.io.file.Files forceDelete
정보: Could delete C:\Users\hjlee\AppData\Local\Temp\extract-1065fdfd-2bed-4417-bbb2-eafe828878f3mongod.pid
11월 12, 2019 5:29:11 오후 de.flapdoodle.embed.process.io.file.Files forceDelete
정보: Could delete C:\Users\hjlee\AppData\Local\Temp\extract-9aefe8b9-38ca-49af-8dad-286c04bc0fb6mongod.exe
11월 12, 2019 5:29:11 오후 MongodExecutable start
정보: de.flapdoodle.embed.mongo.config.MongodConfigBuilder$ImmutableMongodConfig@14316711
]]></system-err>
  </testcase>
  <testcase name="removeByUserIdAndAppTokenAndSchemaVersionTest" classname="org.kaaproject.kaa.server.common.nosql.mongo.dao.EndpointUserConfigurationMongoDaoTest" time="0.268"/>
  <testcase name="findByUserIdAndAppTokenAndSchemaVersionTest" classname="org.kaaproject.kaa.server.common.nosql.mongo.dao.EndpointUserConfigurationMongoDaoTest" time="0.236"/>
  <testcase name="saveEndpointUserConfigurationDtoTest" classname="org.kaaproject.kaa.server.common.nosql.mongo.dao.EndpointUserConfigurationMongoDaoTest" time="0.23"/>
</testsuite>